
*** Running vivado
    with args -log CompleteDemo.vds -m64 -product Vivado -mode batch -messageDb vivado.pb -notrace -source CompleteDemo.tcl


****** Vivado v2024.2 (64-bit)
  **** SW Build 5239630 on Fri Nov 08 22:34:34 MST 2024
  **** IP Build 5239520 on Sun Nov 10 16:12:51 MST 2024
  **** SharedData Build 5239561 on Fri Nov 08 14:39:27 MST 2024
  **** Start of session at: Sun Apr  6 18:40:39 2025
    ** Copyright 1986-2022 Xilinx, Inc. All Rights Reserved.
    ** Copyright 2022-2024 Advanced Micro Devices, Inc. All Rights Reserved.

source CompleteDemo.tcl -notrace
Command: read_checkpoint -auto_incremental -incremental /home/shiki/repos/590cse-project1/CPU16/CPU16.srcs/utils_1/imports/synth_1/sub_16bit_test.dcp
INFO: [Vivado 12-5825] Read reference checkpoint from /home/shiki/repos/590cse-project1/CPU16/CPU16.srcs/utils_1/imports/synth_1/sub_16bit_test.dcp for incremental synthesis
INFO: [Vivado 12-7989] Please ensure there are no constraint changes
Command: synth_design -top CompleteDemo -part xc7a35tcpg236-1
Starting synth_design
Attempting to get a license for feature 'Synthesis' and/or device 'xc7a35t'
INFO: [Common 17-349] Got license for feature 'Synthesis' and/or device 'xc7a35t'
INFO: [Device 21-403] Loading part xc7a35tcpg236-1
INFO: [Designutils 20-5440] No compile time benefit to using incremental synthesis; A full resynthesis will be run
INFO: [Designutils 20-4379] Flow is switching to default flow due to incremental criteria not met. If you would like to alter this behaviour and have the flow terminate instead, please set the following parameter config_implementation {autoIncr.Synth.RejectBehavior Terminate}
INFO: [Synth 8-7079] Multithreading enabled for synth_design using a maximum of 7 processes.
INFO: [Synth 8-7078] Launching helper process for spawning children vivado processes
INFO: [Synth 8-7075] Helper process launched with PID 1649488
---------------------------------------------------------------------------------
Starting RTL Elaboration : Time (s): cpu = 00:00:03 ; elapsed = 00:00:03 . Memory (MB): peak = 1984.496 ; gain = 424.855 ; free physical = 254 ; free virtual = 6911
---------------------------------------------------------------------------------
CRITICAL WARNING: [Synth 8-9339] data object 'PCNext' is already declared [/home/shiki/repos/590cse-project1/CPU16/CPU16.srcs/sources_1/new/CompleteDemo.v:23]
INFO: [Synth 8-6826] previous declaration of 'PCNext' is from here [/home/shiki/repos/590cse-project1/CPU16/CPU16.srcs/sources_1/new/CompleteDemo.v:22]
CRITICAL WARNING: [Synth 8-11152] second declaration of 'PCNext' is ignored [/home/shiki/repos/590cse-project1/CPU16/CPU16.srcs/sources_1/new/CompleteDemo.v:23]
INFO: [Synth 8-11241] undeclared symbol 'AluZeroOut', assumed default net type 'wire' [/home/shiki/repos/590cse-project1/CPU16/CPU16.srcs/sources_1/new/CompleteDemo.v:33]
WARNING: [Synth 8-8895] 'AluZeroOut' is already implicitly declared on line 33 [/home/shiki/repos/590cse-project1/CPU16/CPU16.srcs/sources_1/new/CompleteDemo.v:45]
INFO: [Synth 8-6157] synthesizing module 'CompleteDemo' [/home/shiki/repos/590cse-project1/CPU16/CPU16.srcs/sources_1/new/CompleteDemo.v:3]
WARNING: [Synth 8-11581] system task call 'finish' not supported [/home/shiki/repos/590cse-project1/CPU16/CPU16.srcs/sources_1/new/CompleteDemo.v:124]
INFO: [Synth 8-6157] synthesizing module 'ProgramCounter' [/home/shiki/repos/590cse-project1/CPU16/CPU16.srcs/sources_1/new/ProgramCounter.v:3]
INFO: [Synth 8-6155] done synthesizing module 'ProgramCounter' (0#1) [/home/shiki/repos/590cse-project1/CPU16/CPU16.srcs/sources_1/new/ProgramCounter.v:3]
INFO: [Synth 8-6157] synthesizing module 'ProgramCounterUpdate' [/home/shiki/repos/590cse-project1/CPU16/CPU16.srcs/sources_1/new/PCUpdate.v:5]
INFO: [Synth 8-6155] done synthesizing module 'ProgramCounterUpdate' (0#1) [/home/shiki/repos/590cse-project1/CPU16/CPU16.srcs/sources_1/new/PCUpdate.v:5]
INFO: [Synth 8-6157] synthesizing module 'InstructionMemory' [/home/shiki/repos/590cse-project1/CPU16/CPU16.srcs/sources_1/new/InstructionMemory.v:3]
INFO: [Synth 8-6155] done synthesizing module 'InstructionMemory' (0#1) [/home/shiki/repos/590cse-project1/CPU16/CPU16.srcs/sources_1/new/InstructionMemory.v:3]
INFO: [Synth 8-6157] synthesizing module 'Control' [/home/shiki/repos/590cse-project1/CPU16/CPU16.srcs/sources_1/new/Control.v:3]
INFO: [Synth 8-6155] done synthesizing module 'Control' (0#1) [/home/shiki/repos/590cse-project1/CPU16/CPU16.srcs/sources_1/new/Control.v:3]
INFO: [Synth 8-6157] synthesizing module 'RegisterDmuMux' [/home/shiki/repos/590cse-project1/CPU16/CPU16.srcs/sources_1/new/RegisterDmuMux.v:23]
INFO: [Synth 8-6155] done synthesizing module 'RegisterDmuMux' (0#1) [/home/shiki/repos/590cse-project1/CPU16/CPU16.srcs/sources_1/new/RegisterDmuMux.v:23]
INFO: [Synth 8-6157] synthesizing module 'RegisterFile' [/home/shiki/repos/590cse-project1/CPU16/CPU16.srcs/sources_1/new/register_file.v:5]
WARNING: [Synth 8-11581] system task call 'monitor' not supported [/home/shiki/repos/590cse-project1/CPU16/CPU16.srcs/sources_1/new/register_file.v:36]
INFO: [Synth 8-6155] done synthesizing module 'RegisterFile' (0#1) [/home/shiki/repos/590cse-project1/CPU16/CPU16.srcs/sources_1/new/register_file.v:5]
INFO: [Synth 8-6157] synthesizing module 'ALUControl' [/home/shiki/repos/590cse-project1/CPU16/CPU16.srcs/sources_1/new/ALUControl.v:3]
INFO: [Synth 8-6155] done synthesizing module 'ALUControl' (0#1) [/home/shiki/repos/590cse-project1/CPU16/CPU16.srcs/sources_1/new/ALUControl.v:3]
INFO: [Synth 8-6157] synthesizing module 'ALURegisterMux' [/home/shiki/repos/590cse-project1/CPU16/CPU16.srcs/sources_1/new/ALURegisterMux.v:23]
INFO: [Synth 8-6155] done synthesizing module 'ALURegisterMux' (0#1) [/home/shiki/repos/590cse-project1/CPU16/CPU16.srcs/sources_1/new/ALURegisterMux.v:23]
INFO: [Synth 8-6157] synthesizing module 'ALU' [/home/shiki/repos/590cse-project1/CPU16/CPU16.srcs/sources_1/new/ALU.v:5]
INFO: [Synth 8-6155] done synthesizing module 'ALU' (0#1) [/home/shiki/repos/590cse-project1/CPU16/CPU16.srcs/sources_1/new/ALU.v:5]
INFO: [Synth 8-6157] synthesizing module 'DataMemory' [/home/shiki/repos/590cse-project1/CPU16/CPU16.srcs/sources_1/new/DataMemory.v:3]
WARNING: [Synth 8-11581] system task call 'monitor' not supported [/home/shiki/repos/590cse-project1/CPU16/CPU16.srcs/sources_1/new/DataMemory.v:26]
WARNING: [Synth 8-11581] system task call 'monitor' not supported [/home/shiki/repos/590cse-project1/CPU16/CPU16.srcs/sources_1/new/DataMemory.v:34]
INFO: [Synth 8-6155] done synthesizing module 'DataMemory' (0#1) [/home/shiki/repos/590cse-project1/CPU16/CPU16.srcs/sources_1/new/DataMemory.v:3]
WARNING: [Synth 8-689] width (16) of port connection 'location' does not match port width (8) of module 'DataMemory' [/home/shiki/repos/590cse-project1/CPU16/CPU16.srcs/sources_1/new/CompleteDemo.v:106]
INFO: [Synth 8-6157] synthesizing module 'Display' [/home/shiki/repos/590cse-project1/CPU16/CPU16.srcs/sources_1/new/Display.v:6]
INFO: [Synth 8-226] default block is never used [/home/shiki/repos/590cse-project1/CPU16/CPU16.srcs/sources_1/new/Display.v:32]
INFO: [Synth 8-6155] done synthesizing module 'Display' (0#1) [/home/shiki/repos/590cse-project1/CPU16/CPU16.srcs/sources_1/new/Display.v:6]
INFO: [Synth 8-6155] done synthesizing module 'CompleteDemo' (0#1) [/home/shiki/repos/590cse-project1/CPU16/CPU16.srcs/sources_1/new/CompleteDemo.v:3]
WARNING: [Synth 8-4767] Trying to implement RAM 'mem_reg' in registers. Block RAM or DRAM implementation is not possible; see log for reasons.
Reason is one or more of the following :
	1: RAM has multiple writes via different ports in same process. If RAM inferencing intended, write to one port per process. 
	2: Unable to determine number of words or word size in RAM. 
	3: No valid read/write found for RAM. 
RAM "mem_reg" dissolved into registers
WARNING: [Synth 8-7129] Port clk in module ALU is either unconnected or has no load
WARNING: [Synth 8-7129] Port instruction[11] in module ALURegisterMux is either unconnected or has no load
WARNING: [Synth 8-7129] Port instruction[10] in module ALURegisterMux is either unconnected or has no load
WARNING: [Synth 8-7129] Port instruction[9] in module ALURegisterMux is either unconnected or has no load
WARNING: [Synth 8-7129] Port instruction[8] in module ALURegisterMux is either unconnected or has no load
WARNING: [Synth 8-7129] Port instruction[7] in module ALURegisterMux is either unconnected or has no load
WARNING: [Synth 8-7129] Port instruction[6] in module ALURegisterMux is either unconnected or has no load
WARNING: [Synth 8-7129] Port instruction[5] in module ALURegisterMux is either unconnected or has no load
WARNING: [Synth 8-7129] Port instruction[4] in module ALURegisterMux is either unconnected or has no load
WARNING: [Synth 8-7129] Port instruction[3] in module ALURegisterMux is either unconnected or has no load
WARNING: [Synth 8-7129] Port instruction[2] in module ALURegisterMux is either unconnected or has no load
WARNING: [Synth 8-7129] Port instruction[1] in module ALURegisterMux is either unconnected or has no load
WARNING: [Synth 8-7129] Port instruction[0] in module ALURegisterMux is either unconnected or has no load
WARNING: [Synth 8-7129] Port instruction[11] in module ALUControl is either unconnected or has no load
WARNING: [Synth 8-7129] Port instruction[10] in module ALUControl is either unconnected or has no load
WARNING: [Synth 8-7129] Port instruction[9] in module ALUControl is either unconnected or has no load
WARNING: [Synth 8-7129] Port instruction[8] in module ALUControl is either unconnected or has no load
WARNING: [Synth 8-7129] Port instruction[7] in module ALUControl is either unconnected or has no load
WARNING: [Synth 8-7129] Port instruction[6] in module ALUControl is either unconnected or has no load
WARNING: [Synth 8-7129] Port instruction[5] in module ALUControl is either unconnected or has no load
WARNING: [Synth 8-7129] Port instruction[4] in module ALUControl is either unconnected or has no load
WARNING: [Synth 8-7129] Port instruction[11] in module Control is either unconnected or has no load
WARNING: [Synth 8-7129] Port instruction[10] in module Control is either unconnected or has no load
WARNING: [Synth 8-7129] Port instruction[9] in module Control is either unconnected or has no load
WARNING: [Synth 8-7129] Port instruction[8] in module Control is either unconnected or has no load
WARNING: [Synth 8-7129] Port instruction[7] in module Control is either unconnected or has no load
WARNING: [Synth 8-7129] Port instruction[6] in module Control is either unconnected or has no load
WARNING: [Synth 8-7129] Port instruction[5] in module Control is either unconnected or has no load
WARNING: [Synth 8-7129] Port instruction[4] in module Control is either unconnected or has no load
WARNING: [Synth 8-7129] Port instruction[3] in module Control is either unconnected or has no load
WARNING: [Synth 8-7129] Port instruction[2] in module Control is either unconnected or has no load
WARNING: [Synth 8-7129] Port instruction[1] in module Control is either unconnected or has no load
WARNING: [Synth 8-7129] Port instruction[0] in module Control is either unconnected or has no load
WARNING: [Synth 8-7129] Port clk in module Control is either unconnected or has no load
WARNING: [Synth 8-7129] Port clk in module InstructionMemory is either unconnected or has no load
---------------------------------------------------------------------------------
Finished RTL Elaboration : Time (s): cpu = 00:00:04 ; elapsed = 00:00:04 . Memory (MB): peak = 2059.434 ; gain = 499.793 ; free physical = 170 ; free virtual = 6814
---------------------------------------------------------------------------------
---------------------------------------------------------------------------------
Start Handling Custom Attributes
---------------------------------------------------------------------------------
---------------------------------------------------------------------------------
Finished Handling Custom Attributes : Time (s): cpu = 00:00:04 ; elapsed = 00:00:04 . Memory (MB): peak = 2077.246 ; gain = 517.605 ; free physical = 170 ; free virtual = 6814
---------------------------------------------------------------------------------
---------------------------------------------------------------------------------
Finished RTL Optimization Phase 1 : Time (s): cpu = 00:00:04 ; elapsed = 00:00:04 . Memory (MB): peak = 2077.246 ; gain = 517.605 ; free physical = 170 ; free virtual = 6814
---------------------------------------------------------------------------------
Netlist sorting complete. Time (s): cpu = 00:00:00 ; elapsed = 00:00:00.01 . Memory (MB): peak = 2077.246 ; gain = 0.000 ; free physical = 170 ; free virtual = 6814
INFO: [Project 1-570] Preparing netlist for logic optimization

Processing XDC Constraints
Initializing timing engine
Parsing XDC File [/home/shiki/repos/590cse-project1/CPU16/CPU16.srcs/constrs_1/new/CompleteDemoConstraints.xdc]
Finished Parsing XDC File [/home/shiki/repos/590cse-project1/CPU16/CPU16.srcs/constrs_1/new/CompleteDemoConstraints.xdc]
INFO: [Project 1-236] Implementation specific constraints were found while reading constraint file [/home/shiki/repos/590cse-project1/CPU16/CPU16.srcs/constrs_1/new/CompleteDemoConstraints.xdc]. These constraints will be ignored for synthesis but will be used in implementation. Impacted constraints are listed in the file [.Xil/CompleteDemo_propImpl.xdc].
Resolution: To avoid this warning, move constraints listed in [.Xil/CompleteDemo_propImpl.xdc] to another XDC file and exclude this new file from synthesis with the used_in_synthesis property (File Properties dialog in GUI) and re-run elaboration/synthesis.
Completed Processing XDC Constraints

Netlist sorting complete. Time (s): cpu = 00:00:00 ; elapsed = 00:00:00 . Memory (MB): peak = 2225.996 ; gain = 0.000 ; free physical = 290 ; free virtual = 6910
INFO: [Project 1-111] Unisim Transformation Summary:
No Unisim elements were transformed.

Constraint Validation Runtime : Time (s): cpu = 00:00:00 ; elapsed = 00:00:00 . Memory (MB): peak = 2225.996 ; gain = 0.000 ; free physical = 290 ; free virtual = 6910
INFO: [Designutils 20-5440] No compile time benefit to using incremental synthesis; A full resynthesis will be run
INFO: [Designutils 20-4379] Flow is switching to default flow due to incremental criteria not met. If you would like to alter this behaviour and have the flow terminate instead, please set the following parameter config_implementation {autoIncr.Synth.RejectBehavior Terminate}
---------------------------------------------------------------------------------
Finished Constraint Validation : Time (s): cpu = 00:00:08 ; elapsed = 00:00:08 . Memory (MB): peak = 2225.996 ; gain = 666.355 ; free physical = 271 ; free virtual = 6908
---------------------------------------------------------------------------------
---------------------------------------------------------------------------------
Start Loading Part and Timing Information
---------------------------------------------------------------------------------
Loading part: xc7a35tcpg236-1
---------------------------------------------------------------------------------
Finished Loading Part and Timing Information : Time (s): cpu = 00:00:08 ; elapsed = 00:00:08 . Memory (MB): peak = 2234.000 ; gain = 674.359 ; free physical = 271 ; free virtual = 6908
---------------------------------------------------------------------------------
---------------------------------------------------------------------------------
Start Applying 'set_property' XDC Constraints
---------------------------------------------------------------------------------
---------------------------------------------------------------------------------
Finished applying 'set_property' XDC Constraints : Time (s): cpu = 00:00:08 ; elapsed = 00:00:08 . Memory (MB): peak = 2234.000 ; gain = 674.359 ; free physical = 271 ; free virtual = 6908
---------------------------------------------------------------------------------
WARNING: [Synth 8-327] inferring latch for variable 'read_data_reg' [/home/shiki/repos/590cse-project1/CPU16/CPU16.srcs/sources_1/new/DataMemory.v:32]
---------------------------------------------------------------------------------
Finished RTL Optimization Phase 2 : Time (s): cpu = 00:00:08 ; elapsed = 00:00:08 . Memory (MB): peak = 2234.000 ; gain = 674.359 ; free physical = 244 ; free virtual = 6881
---------------------------------------------------------------------------------
---------------------------------------------------------------------------------
Start RTL Component Statistics 
---------------------------------------------------------------------------------
Detailed RTL Component Info : 
+---Adders : 
	   2 Input   16 Bit       Adders := 2     
	   3 Input   16 Bit       Adders := 3     
+---Registers : 
	               16 Bit    Registers := 1     
	                8 Bit    Registers := 32    
+---Muxes : 
	   2 Input   16 Bit        Muxes := 7     
	  10 Input   15 Bit        Muxes := 1     
	   2 Input    4 Bit        Muxes := 1     
	   8 Input    4 Bit        Muxes := 1     
	   4 Input    4 Bit        Muxes := 2     
	   2 Input    1 Bit        Muxes := 51    
	   8 Input    1 Bit        Muxes := 4     
	   6 Input    1 Bit        Muxes := 1     
	   3 Input    1 Bit        Muxes := 16    
---------------------------------------------------------------------------------
Finished RTL Component Statistics 
---------------------------------------------------------------------------------
---------------------------------------------------------------------------------
Start Part Resource Summary
---------------------------------------------------------------------------------
Part Resources:
DSPs: 90 (col length:60)
BRAMs: 100 (col length: RAMB18 60 RAMB36 30)
---------------------------------------------------------------------------------
Finished Part Resource Summary
---------------------------------------------------------------------------------
---------------------------------------------------------------------------------
Start Cross Boundary and Area Optimization
---------------------------------------------------------------------------------
WARNING: [Synth 8-7080] Parallel synthesis criteria is not met
WARNING: [Synth 8-7129] Port location[7] in module DataMemory is either unconnected or has no load
WARNING: [Synth 8-7129] Port location[6] in module DataMemory is either unconnected or has no load
WARNING: [Synth 8-7129] Port location[5] in module DataMemory is either unconnected or has no load
WARNING: [Synth 8-3332] Sequential element (dmu/read_data_reg[15]) is unused and will be removed from module CompleteDemo.
WARNING: [Synth 8-3332] Sequential element (dmu/read_data_reg[14]) is unused and will be removed from module CompleteDemo.
WARNING: [Synth 8-3332] Sequential element (dmu/read_data_reg[13]) is unused and will be removed from module CompleteDemo.
WARNING: [Synth 8-3332] Sequential element (dmu/read_data_reg[12]) is unused and will be removed from module CompleteDemo.
WARNING: [Synth 8-3332] Sequential element (dmu/read_data_reg[11]) is unused and will be removed from module CompleteDemo.
WARNING: [Synth 8-3332] Sequential element (dmu/read_data_reg[10]) is unused and will be removed from module CompleteDemo.
WARNING: [Synth 8-3332] Sequential element (dmu/read_data_reg[9]) is unused and will be removed from module CompleteDemo.
WARNING: [Synth 8-3332] Sequential element (dmu/read_data_reg[8]) is unused and will be removed from module CompleteDemo.
WARNING: [Synth 8-3332] Sequential element (dmu/read_data_reg[7]) is unused and will be removed from module CompleteDemo.
WARNING: [Synth 8-3332] Sequential element (dmu/read_data_reg[6]) is unused and will be removed from module CompleteDemo.
WARNING: [Synth 8-3332] Sequential element (dmu/read_data_reg[5]) is unused and will be removed from module CompleteDemo.
WARNING: [Synth 8-3332] Sequential element (dmu/read_data_reg[4]) is unused and will be removed from module CompleteDemo.
WARNING: [Synth 8-3332] Sequential element (dmu/read_data_reg[3]) is unused and will be removed from module CompleteDemo.
WARNING: [Synth 8-3332] Sequential element (dmu/read_data_reg[2]) is unused and will be removed from module CompleteDemo.
WARNING: [Synth 8-3332] Sequential element (dmu/read_data_reg[1]) is unused and will be removed from module CompleteDemo.
WARNING: [Synth 8-3332] Sequential element (dmu/read_data_reg[0]) is unused and will be removed from module CompleteDemo.
CRITICAL WARNING: [Synth 8-6859] multi-driven net on pin Q with 1st driver pin 'dmu/read_data_reg[15]__0/Q' [/home/shiki/repos/590cse-project1/CPU16/CPU16.srcs/sources_1/new/DataMemory.v:25]
CRITICAL WARNING: [Synth 8-6859] multi-driven net on pin Q with 2nd driver pin 'GND' [/home/shiki/repos/590cse-project1/CPU16/CPU16.srcs/sources_1/new/DataMemory.v:25]
CRITICAL WARNING: [Synth 8-6858] multi-driven net Q is connected to at least one constant driver which has been preserved, other driver is ignored [/home/shiki/repos/590cse-project1/CPU16/CPU16.srcs/sources_1/new/DataMemory.v:25]
CRITICAL WARNING: [Synth 8-6859] multi-driven net on pin Q with 1st driver pin 'dmu/read_data_reg[14]__0/Q' [/home/shiki/repos/590cse-project1/CPU16/CPU16.srcs/sources_1/new/DataMemory.v:25]
CRITICAL WARNING: [Synth 8-6859] multi-driven net on pin Q with 2nd driver pin 'GND' [/home/shiki/repos/590cse-project1/CPU16/CPU16.srcs/sources_1/new/DataMemory.v:25]
CRITICAL WARNING: [Synth 8-6858] multi-driven net Q is connected to at least one constant driver which has been preserved, other driver is ignored [/home/shiki/repos/590cse-project1/CPU16/CPU16.srcs/sources_1/new/DataMemory.v:25]
CRITICAL WARNING: [Synth 8-6859] multi-driven net on pin Q with 1st driver pin 'dmu/read_data_reg[13]__0/Q' [/home/shiki/repos/590cse-project1/CPU16/CPU16.srcs/sources_1/new/DataMemory.v:25]
CRITICAL WARNING: [Synth 8-6859] multi-driven net on pin Q with 2nd driver pin 'GND' [/home/shiki/repos/590cse-project1/CPU16/CPU16.srcs/sources_1/new/DataMemory.v:25]
CRITICAL WARNING: [Synth 8-6858] multi-driven net Q is connected to at least one constant driver which has been preserved, other driver is ignored [/home/shiki/repos/590cse-project1/CPU16/CPU16.srcs/sources_1/new/DataMemory.v:25]
CRITICAL WARNING: [Synth 8-6859] multi-driven net on pin Q with 1st driver pin 'dmu/read_data_reg[12]__0/Q' [/home/shiki/repos/590cse-project1/CPU16/CPU16.srcs/sources_1/new/DataMemory.v:25]
CRITICAL WARNING: [Synth 8-6859] multi-driven net on pin Q with 2nd driver pin 'GND' [/home/shiki/repos/590cse-project1/CPU16/CPU16.srcs/sources_1/new/DataMemory.v:25]
CRITICAL WARNING: [Synth 8-6858] multi-driven net Q is connected to at least one constant driver which has been preserved, other driver is ignored [/home/shiki/repos/590cse-project1/CPU16/CPU16.srcs/sources_1/new/DataMemory.v:25]
CRITICAL WARNING: [Synth 8-6859] multi-driven net on pin Q with 1st driver pin 'dmu/read_data_reg[11]__0/Q' [/home/shiki/repos/590cse-project1/CPU16/CPU16.srcs/sources_1/new/DataMemory.v:25]
CRITICAL WARNING: [Synth 8-6859] multi-driven net on pin Q with 2nd driver pin 'GND' [/home/shiki/repos/590cse-project1/CPU16/CPU16.srcs/sources_1/new/DataMemory.v:25]
CRITICAL WARNING: [Synth 8-6858] multi-driven net Q is connected to at least one constant driver which has been preserved, other driver is ignored [/home/shiki/repos/590cse-project1/CPU16/CPU16.srcs/sources_1/new/DataMemory.v:25]
CRITICAL WARNING: [Synth 8-6859] multi-driven net on pin Q with 1st driver pin 'dmu/read_data_reg[10]__0/Q' [/home/shiki/repos/590cse-project1/CPU16/CPU16.srcs/sources_1/new/DataMemory.v:25]
CRITICAL WARNING: [Synth 8-6859] multi-driven net on pin Q with 2nd driver pin 'GND' [/home/shiki/repos/590cse-project1/CPU16/CPU16.srcs/sources_1/new/DataMemory.v:25]
CRITICAL WARNING: [Synth 8-6858] multi-driven net Q is connected to at least one constant driver which has been preserved, other driver is ignored [/home/shiki/repos/590cse-project1/CPU16/CPU16.srcs/sources_1/new/DataMemory.v:25]
CRITICAL WARNING: [Synth 8-6859] multi-driven net on pin Q with 1st driver pin 'dmu/read_data_reg[9]__0/Q' [/home/shiki/repos/590cse-project1/CPU16/CPU16.srcs/sources_1/new/DataMemory.v:25]
CRITICAL WARNING: [Synth 8-6859] multi-driven net on pin Q with 2nd driver pin 'GND' [/home/shiki/repos/590cse-project1/CPU16/CPU16.srcs/sources_1/new/DataMemory.v:25]
CRITICAL WARNING: [Synth 8-6858] multi-driven net Q is connected to at least one constant driver which has been preserved, other driver is ignored [/home/shiki/repos/590cse-project1/CPU16/CPU16.srcs/sources_1/new/DataMemory.v:25]
CRITICAL WARNING: [Synth 8-6859] multi-driven net on pin Q with 1st driver pin 'dmu/read_data_reg[8]__0/Q' [/home/shiki/repos/590cse-project1/CPU16/CPU16.srcs/sources_1/new/DataMemory.v:25]
CRITICAL WARNING: [Synth 8-6859] multi-driven net on pin Q with 2nd driver pin 'GND' [/home/shiki/repos/590cse-project1/CPU16/CPU16.srcs/sources_1/new/DataMemory.v:25]
CRITICAL WARNING: [Synth 8-6858] multi-driven net Q is connected to at least one constant driver which has been preserved, other driver is ignored [/home/shiki/repos/590cse-project1/CPU16/CPU16.srcs/sources_1/new/DataMemory.v:25]
CRITICAL WARNING: [Synth 8-6859] multi-driven net on pin Q with 1st driver pin 'dmu/read_data_reg[7]__0/Q' [/home/shiki/repos/590cse-project1/CPU16/CPU16.srcs/sources_1/new/DataMemory.v:25]
CRITICAL WARNING: [Synth 8-6859] multi-driven net on pin Q with 2nd driver pin 'GND' [/home/shiki/repos/590cse-project1/CPU16/CPU16.srcs/sources_1/new/DataMemory.v:25]
CRITICAL WARNING: [Synth 8-6858] multi-driven net Q is connected to at least one constant driver which has been preserved, other driver is ignored [/home/shiki/repos/590cse-project1/CPU16/CPU16.srcs/sources_1/new/DataMemory.v:25]
CRITICAL WARNING: [Synth 8-6859] multi-driven net on pin Q with 1st driver pin 'dmu/read_data_reg[6]__0/Q' [/home/shiki/repos/590cse-project1/CPU16/CPU16.srcs/sources_1/new/DataMemory.v:25]
CRITICAL WARNING: [Synth 8-6859] multi-driven net on pin Q with 2nd driver pin 'GND' [/home/shiki/repos/590cse-project1/CPU16/CPU16.srcs/sources_1/new/DataMemory.v:25]
CRITICAL WARNING: [Synth 8-6858] multi-driven net Q is connected to at least one constant driver which has been preserved, other driver is ignored [/home/shiki/repos/590cse-project1/CPU16/CPU16.srcs/sources_1/new/DataMemory.v:25]
CRITICAL WARNING: [Synth 8-6859] multi-driven net on pin Q with 1st driver pin 'dmu/read_data_reg[5]__0/Q' [/home/shiki/repos/590cse-project1/CPU16/CPU16.srcs/sources_1/new/DataMemory.v:25]
CRITICAL WARNING: [Synth 8-6859] multi-driven net on pin Q with 2nd driver pin 'GND' [/home/shiki/repos/590cse-project1/CPU16/CPU16.srcs/sources_1/new/DataMemory.v:25]
CRITICAL WARNING: [Synth 8-6858] multi-driven net Q is connected to at least one constant driver which has been preserved, other driver is ignored [/home/shiki/repos/590cse-project1/CPU16/CPU16.srcs/sources_1/new/DataMemory.v:25]
CRITICAL WARNING: [Synth 8-6859] multi-driven net on pin Q with 1st driver pin 'dmu/read_data_reg[4]__0/Q' [/home/shiki/repos/590cse-project1/CPU16/CPU16.srcs/sources_1/new/DataMemory.v:25]
CRITICAL WARNING: [Synth 8-6859] multi-driven net on pin Q with 2nd driver pin 'GND' [/home/shiki/repos/590cse-project1/CPU16/CPU16.srcs/sources_1/new/DataMemory.v:25]
CRITICAL WARNING: [Synth 8-6858] multi-driven net Q is connected to at least one constant driver which has been preserved, other driver is ignored [/home/shiki/repos/590cse-project1/CPU16/CPU16.srcs/sources_1/new/DataMemory.v:25]
CRITICAL WARNING: [Synth 8-6859] multi-driven net on pin Q with 1st driver pin 'dmu/read_data_reg[3]__0/Q' [/home/shiki/repos/590cse-project1/CPU16/CPU16.srcs/sources_1/new/DataMemory.v:25]
CRITICAL WARNING: [Synth 8-6859] multi-driven net on pin Q with 2nd driver pin 'GND' [/home/shiki/repos/590cse-project1/CPU16/CPU16.srcs/sources_1/new/DataMemory.v:25]
CRITICAL WARNING: [Synth 8-6858] multi-driven net Q is connected to at least one constant driver which has been preserved, other driver is ignored [/home/shiki/repos/590cse-project1/CPU16/CPU16.srcs/sources_1/new/DataMemory.v:25]
CRITICAL WARNING: [Synth 8-6859] multi-driven net on pin Q with 1st driver pin 'dmu/read_data_reg[2]__0/Q' [/home/shiki/repos/590cse-project1/CPU16/CPU16.srcs/sources_1/new/DataMemory.v:25]
CRITICAL WARNING: [Synth 8-6859] multi-driven net on pin Q with 2nd driver pin 'GND' [/home/shiki/repos/590cse-project1/CPU16/CPU16.srcs/sources_1/new/DataMemory.v:25]
CRITICAL WARNING: [Synth 8-6858] multi-driven net Q is connected to at least one constant driver which has been preserved, other driver is ignored [/home/shiki/repos/590cse-project1/CPU16/CPU16.srcs/sources_1/new/DataMemory.v:25]
CRITICAL WARNING: [Synth 8-6859] multi-driven net on pin Q with 1st driver pin 'dmu/read_data_reg[1]__0/Q' [/home/shiki/repos/590cse-project1/CPU16/CPU16.srcs/sources_1/new/DataMemory.v:25]
CRITICAL WARNING: [Synth 8-6859] multi-driven net on pin Q with 2nd driver pin 'GND' [/home/shiki/repos/590cse-project1/CPU16/CPU16.srcs/sources_1/new/DataMemory.v:25]
CRITICAL WARNING: [Synth 8-6858] multi-driven net Q is connected to at least one constant driver which has been preserved, other driver is ignored [/home/shiki/repos/590cse-project1/CPU16/CPU16.srcs/sources_1/new/DataMemory.v:25]
CRITICAL WARNING: [Synth 8-6859] multi-driven net on pin Q with 1st driver pin 'dmu/read_data_reg[0]__0/Q' [/home/shiki/repos/590cse-project1/CPU16/CPU16.srcs/sources_1/new/DataMemory.v:25]
CRITICAL WARNING: [Synth 8-6859] multi-driven net on pin Q with 2nd driver pin 'GND' [/home/shiki/repos/590cse-project1/CPU16/CPU16.srcs/sources_1/new/DataMemory.v:25]
CRITICAL WARNING: [Synth 8-6858] multi-driven net Q is connected to at least one constant driver which has been preserved, other driver is ignored [/home/shiki/repos/590cse-project1/CPU16/CPU16.srcs/sources_1/new/DataMemory.v:25]
---------------------------------------------------------------------------------
Finished Cross Boundary and Area Optimization : Time (s): cpu = 00:00:09 ; elapsed = 00:00:10 . Memory (MB): peak = 2234.000 ; gain = 674.359 ; free physical = 243 ; free virtual = 6886
---------------------------------------------------------------------------------
---------------------------------------------------------------------------------
Start ROM, RAM, DSP, Shift Register and Retiming Reporting
---------------------------------------------------------------------------------

Distributed RAM: Preliminary Mapping Report (see note below)
+-------------+-------------------+-----------+----------------------+----------------+
|Module Name  | RTL Object        | Inference | Size (Depth x Width) | Primitives     | 
+-------------+-------------------+-----------+----------------------+----------------+
|CompleteDemo | reg_file/file_reg | Implied   | 16 x 16              | RAM16X1D x 16  | 
+-------------+-------------------+-----------+----------------------+----------------+

Note: The table above is a preliminary report that shows the Distributed RAMs at the current stage of the synthesis flow. Some Distributed RAMs may be reimplemented as non Distributed RAM primitives later in the synthesis flow. Multiple instantiated RAMs are reported only once.
---------------------------------------------------------------------------------
Finished ROM, RAM, DSP, Shift Register and Retiming Reporting
---------------------------------------------------------------------------------
---------------------------------------------------------------------------------
Start Applying XDC Timing Constraints
---------------------------------------------------------------------------------
---------------------------------------------------------------------------------
Finished Applying XDC Timing Constraints : Time (s): cpu = 00:00:13 ; elapsed = 00:00:13 . Memory (MB): peak = 2251.000 ; gain = 691.359 ; free physical = 188 ; free virtual = 6797
---------------------------------------------------------------------------------
---------------------------------------------------------------------------------
Start Timing Optimization
---------------------------------------------------------------------------------
---------------------------------------------------------------------------------
Finished Timing Optimization : Time (s): cpu = 00:00:13 ; elapsed = 00:00:13 . Memory (MB): peak = 2251.000 ; gain = 691.359 ; free physical = 188 ; free virtual = 6797
---------------------------------------------------------------------------------
---------------------------------------------------------------------------------
Start ROM, RAM, DSP, Shift Register and Retiming Reporting
---------------------------------------------------------------------------------

Distributed RAM: Final Mapping Report
+-------------+-------------------+-----------+----------------------+----------------+
|Module Name  | RTL Object        | Inference | Size (Depth x Width) | Primitives     | 
+-------------+-------------------+-----------+----------------------+----------------+
|CompleteDemo | reg_file/file_reg | Implied   | 16 x 16              | RAM16X1D x 16  | 
+-------------+-------------------+-----------+----------------------+----------------+

---------------------------------------------------------------------------------
Finished ROM, RAM, DSP, Shift Register and Retiming Reporting
---------------------------------------------------------------------------------
---------------------------------------------------------------------------------
Start Technology Mapping
---------------------------------------------------------------------------------
---------------------------------------------------------------------------------
Finished Technology Mapping : Time (s): cpu = 00:00:13 ; elapsed = 00:00:13 . Memory (MB): peak = 2268.023 ; gain = 708.383 ; free physical = 172 ; free virtual = 6781
---------------------------------------------------------------------------------
---------------------------------------------------------------------------------
Start IO Insertion
---------------------------------------------------------------------------------
---------------------------------------------------------------------------------
Start Flattening Before IO Insertion
---------------------------------------------------------------------------------
---------------------------------------------------------------------------------
Finished Flattening Before IO Insertion
---------------------------------------------------------------------------------
---------------------------------------------------------------------------------
Start Final Netlist Cleanup
---------------------------------------------------------------------------------
---------------------------------------------------------------------------------
Finished Final Netlist Cleanup
---------------------------------------------------------------------------------
---------------------------------------------------------------------------------
Finished IO Insertion : Time (s): cpu = 00:00:15 ; elapsed = 00:00:15 . Memory (MB): peak = 2422.836 ; gain = 863.195 ; free physical = 337 ; free virtual = 6701
---------------------------------------------------------------------------------
---------------------------------------------------------------------------------
Start Renaming Generated Instances
---------------------------------------------------------------------------------
---------------------------------------------------------------------------------
Finished Renaming Generated Instances : Time (s): cpu = 00:00:15 ; elapsed = 00:00:15 . Memory (MB): peak = 2422.836 ; gain = 863.195 ; free physical = 337 ; free virtual = 6701
---------------------------------------------------------------------------------
---------------------------------------------------------------------------------
Start Rebuilding User Hierarchy
---------------------------------------------------------------------------------
---------------------------------------------------------------------------------
Finished Rebuilding User Hierarchy : Time (s): cpu = 00:00:15 ; elapsed = 00:00:15 . Memory (MB): peak = 2422.836 ; gain = 863.195 ; free physical = 337 ; free virtual = 6701
---------------------------------------------------------------------------------
---------------------------------------------------------------------------------
Start Renaming Generated Ports
---------------------------------------------------------------------------------
---------------------------------------------------------------------------------
Finished Renaming Generated Ports : Time (s): cpu = 00:00:15 ; elapsed = 00:00:15 . Memory (MB): peak = 2422.836 ; gain = 863.195 ; free physical = 337 ; free virtual = 6701
---------------------------------------------------------------------------------
---------------------------------------------------------------------------------
Start Handling Custom Attributes
---------------------------------------------------------------------------------
---------------------------------------------------------------------------------
Finished Handling Custom Attributes : Time (s): cpu = 00:00:15 ; elapsed = 00:00:15 . Memory (MB): peak = 2422.836 ; gain = 863.195 ; free physical = 337 ; free virtual = 6701
---------------------------------------------------------------------------------
---------------------------------------------------------------------------------
Start Renaming Generated Nets
---------------------------------------------------------------------------------
---------------------------------------------------------------------------------
Finished Renaming Generated Nets : Time (s): cpu = 00:00:15 ; elapsed = 00:00:15 . Memory (MB): peak = 2422.836 ; gain = 863.195 ; free physical = 337 ; free virtual = 6701
---------------------------------------------------------------------------------
---------------------------------------------------------------------------------
Start Writing Synthesis Report
---------------------------------------------------------------------------------

Report BlackBoxes: 
+-+--------------+----------+
| |BlackBox name |Instances |
+-+--------------+----------+
+-+--------------+----------+

Report Cell Usage: 
+------+---------+------+
|      |Cell     |Count |
+------+---------+------+
|1     |BUFG     |     2|
|2     |CARRY4   |    15|
|3     |LUT1     |     3|
|4     |LUT2     |     4|
|5     |LUT3     |     7|
|6     |LUT4     |    53|
|7     |LUT5     |    48|
|8     |LUT6     |    56|
|9     |RAM16X1D |    16|
|10    |FDCE     |    20|
|11    |FDRE     |     5|
|12    |IBUF     |     3|
|13    |OBUF     |    27|
+------+---------+------+
---------------------------------------------------------------------------------
Finished Writing Synthesis Report : Time (s): cpu = 00:00:15 ; elapsed = 00:00:15 . Memory (MB): peak = 2422.836 ; gain = 863.195 ; free physical = 337 ; free virtual = 6701
---------------------------------------------------------------------------------
Synthesis finished with 0 errors, 48 critical warnings and 21 warnings.
Synthesis Optimization Runtime : Time (s): cpu = 00:00:14 ; elapsed = 00:00:14 . Memory (MB): peak = 2422.836 ; gain = 714.445 ; free physical = 337 ; free virtual = 6701
Synthesis Optimization Complete : Time (s): cpu = 00:00:15 ; elapsed = 00:00:15 . Memory (MB): peak = 2422.844 ; gain = 863.195 ; free physical = 337 ; free virtual = 6701
INFO: [Project 1-571] Translating synthesized netlist
Netlist sorting complete. Time (s): cpu = 00:00:00.01 ; elapsed = 00:00:00 . Memory (MB): peak = 2422.844 ; gain = 0.000 ; free physical = 460 ; free virtual = 6824
INFO: [Netlist 29-17] Analyzing 31 Unisim elements for replacement
INFO: [Netlist 29-28] Unisim Transformation completed in 2 CPU seconds
INFO: [Project 1-570] Preparing netlist for logic optimization
INFO: [Opt 31-138] Pushed 1 inverter(s) to 16 load pin(s).
Netlist sorting complete. Time (s): cpu = 00:00:00 ; elapsed = 00:00:00 . Memory (MB): peak = 2478.863 ; gain = 0.000 ; free physical = 497 ; free virtual = 6861
INFO: [Project 1-111] Unisim Transformation Summary:
  A total of 16 instances were transformed.
  RAM16X1D => RAM32X1D (inverted pins: WCLK) (RAMD32(x2)): 16 instances

Synth Design complete | Checksum: fb2225b
INFO: [Common 17-83] Releasing license: Synthesis
48 Infos, 63 Warnings, 50 Critical Warnings and 0 Errors encountered.
synth_design completed successfully
synth_design: Time (s): cpu = 00:00:20 ; elapsed = 00:00:19 . Memory (MB): peak = 2478.863 ; gain = 919.230 ; free physical = 497 ; free virtual = 6861
INFO: [Common 17-2834] synth_design peak Physical Memory [PSS] (MB): overall = 1696.217; main = 1696.217; forked = 307.547
INFO: [Common 17-2834] synth_design peak Virtual Memory [VSS] (MB): overall = 3504.070; main = 2478.867; forked = 1270.066
INFO: [runtcl-6] Synthesis results are not added to the cache due to CRITICAL_WARNING
Write ShapeDB Complete: Time (s): cpu = 00:00:00 ; elapsed = 00:00:00 . Memory (MB): peak = 2502.875 ; gain = 0.000 ; free physical = 497 ; free virtual = 6860
INFO: [Common 17-1381] The checkpoint '/home/shiki/repos/590cse-project1/CPU16/CPU16.runs/synth_1/CompleteDemo.dcp' has been generated.
INFO: [Vivado 12-24828] Executing command : report_utilization -file CompleteDemo_utilization_synth.rpt -pb CompleteDemo_utilization_synth.pb
INFO: [Common 17-206] Exiting Vivado at Sun Apr  6 18:41:01 2025...
